<?xml version="1.0" encoding="UTF-8"?>
<testsuite xmlns:xsi="http://www.w3.org/2001/XMLSchema-instance" xsi:noNamespaceSchemaLocation="https://maven.apache.org/surefire/maven-surefire-plugin/xsd/surefire-test-report.xsd" version="3.0.2" name="com.pixoo.objects.PixooTest" time="0.294" tests="12" errors="0" skipped="0" failures="0">
  <properties>
[...]
</properties>
  <testcase name="testInvalidSize" classname="com.pixoo.objects.PixooTest" time="0.263"/>
  <testcase name="testRgbMethods" classname="com.pixoo.objects.PixooTest" time="0.002"/>
  <testcase name="testEnums" classname="com.pixoo.objects.PixooTest" time="0.004"/>
  <testcase name="testFontSupport" classname="com.pixoo.objects.PixooTest" time="0.001"/>
  <testcase name="testColorClamping" classname="com.pixoo.objects.PixooTest" time="0.001"/>
  <testcase name="testTextDrawing" classname="com.pixoo.objects.PixooTest" time="0.001"/>
  <testcase name="testBasicDrawing" classname="com.pixoo.objects.PixooTest" time="0.001"/>
  <testcase name="testColorCreation" classname="com.pixoo.objects.PixooTest" time="0.001"/>
  <testcase name="testDeviceControlInSimulation" classname="com.pixoo.objects.PixooTest" time="0.001"/>
  <testcase name="testMathUtils" classname="com.pixoo.objects.PixooTest" time="0.001"/>
  <testcase name="testPixooCreation" classname="com.pixoo.objects.PixooTest" time="0.001"/>
  <testcase name="testBoundsChecking" classname="com.pixoo.objects.PixooTest" time="0.002"/>
</testsuite>